

[INFO ] 2017-12-14 09:56:33,798 method:org.apache.zookeeper.Environment.logEnv(Environment.java:100)
Client environment:zookeeper.version=3.4.7-1713338, built on 11/09/2015 04:32 GMT


[INFO ] 2017-12-14 09:56:33,910 method:org.apache.zookeeper.Environment.logEnv(Environment.java:100)
Client environment:host.name=JYSF


[INFO ] 2017-12-14 09:56:33,911 method:org.apache.zookeeper.Environment.logEnv(Environment.java:100)
Client environment:java.version=1.8.0_31


[INFO ] 2017-12-14 09:56:33,912 method:org.apache.zookeeper.Environment.logEnv(Environment.java:100)
Client environment:java.vendor=Oracle Corporation


[INFO ] 2017-12-14 09:56:33,913 method:org.apache.zookeeper.Environment.logEnv(Environment.java:100)
Client environment:java.home=D:\JDK1.8\Java\jre


[INFO ] 2017-12-14 09:56:33,915 method:org.apache.zookeeper.Environment.logEnv(Environment.java:100)
Client environment:java.class.path=F:\Java-ee\taotao2017\taotao-search\taotao-search-Service\target\test-classes;F:\Java-ee\taotao2017\taotao-search\taotao-search-Service\target\classes;C:\Users\剑影随风\.m2\repository\org\apache\solr\solr-solrj\4.10.3\solr-solrj-4.10.3.jar;C:\Users\剑影随风\.m2\repository\commons-io\commons-io\2.3\commons-io-2.3.jar;C:\Users\剑影随风\.m2\repository\org\apache\httpcomponents\httpclient\4.3.5\httpclient-4.3.5.jar;C:\Users\剑影随风\.m2\repository\org\apache\httpcomponents\httpcore\4.3\httpcore-4.3.jar;C:\Users\剑影随风\.m2\repository\org\apache\httpcomponents\httpmime\4.3.1\httpmime-4.3.1.jar;C:\Users\剑影随风\.m2\repository\org\codehaus\woodstox\wstx-asl\3.2.7\wstx-asl-3.2.7.jar;C:\Users\剑影随风\.m2\repository\org\noggit\noggit\0.5\noggit-0.5.jar;C:\Users\剑影随风\.m2\repository\org\slf4j\slf4j-api\1.7.6\slf4j-api-1.7.6.jar;C:\Users\剑影随风\.m2\repository\junit\junit\4.12\junit-4.12.jar;C:\Users\剑影随风\.m2\repository\org\hamcrest\hamcrest-core\1.3\hamcrest-core-1.3.jar;F:\Java-ee\taotao2017\taotao-manager\taotao-manager-dao\target\classes;F:\Java-ee\taotao2017\taotao-manager\taotao-manager-pojo\target\classes;C:\Users\剑影随风\.m2\repository\org\mybatis\mybatis\3.2.8\mybatis-3.2.8.jar;C:\Users\剑影随风\.m2\repository\org\mybatis\mybatis-spring\1.2.2\mybatis-spring-1.2.2.jar;C:\Users\剑影随风\.m2\repository\com\github\miemiedev\mybatis-paginator\1.2.15\mybatis-paginator-1.2.15.jar;C:\Users\剑影随风\.m2\repository\com\github\pagehelper\pagehelper\5.0.0\pagehelper-5.0.0.jar;C:\Users\剑影随风\.m2\repository\com\github\jsqlparser\jsqlparser\0.9.5\jsqlparser-0.9.5.jar;C:\Users\剑影随风\.m2\repository\mysql\mysql-connector-java\5.1.32\mysql-connector-java-5.1.32.jar;C:\Users\剑影随风\.m2\repository\com\alibaba\druid\1.0.9\druid-1.0.9.jar;D:\JDK1.8\Java\lib\jconsole.jar;D:\JDK1.8\Java\lib\tools.jar;F:\Java-ee\taotao2017\taotao-search\taotao-search-interface\target\classes;C:\Users\剑影随风\.m2\repository\org\springframework\spring-context\4.2.4.RELEASE\spring-context-4.2.4.RELEASE.jar;C:\Users\剑影随风\.m2\repository\org\springframework\spring-aop\4.2.4.RELEASE\spring-aop-4.2.4.RELEASE.jar;C:\Users\剑影随风\.m2\repository\aopalliance\aopalliance\1.0\aopalliance-1.0.jar;C:\Users\剑影随风\.m2\repository\org\springframework\spring-core\4.2.4.RELEASE\spring-core-4.2.4.RELEASE.jar;C:\Users\剑影随风\.m2\repository\commons-logging\commons-logging\1.2\commons-logging-1.2.jar;C:\Users\剑影随风\.m2\repository\org\springframework\spring-expression\4.2.4.RELEASE\spring-expression-4.2.4.RELEASE.jar;C:\Users\剑影随风\.m2\repository\org\springframework\spring-beans\4.2.4.RELEASE\spring-beans-4.2.4.RELEASE.jar;C:\Users\剑影随风\.m2\repository\org\springframework\spring-webmvc\4.2.4.RELEASE\spring-webmvc-4.2.4.RELEASE.jar;C:\Users\剑影随风\.m2\repository\org\springframework\spring-web\4.2.4.RELEASE\spring-web-4.2.4.RELEASE.jar;C:\Users\剑影随风\.m2\repository\org\springframework\spring-jdbc\4.2.4.RELEASE\spring-jdbc-4.2.4.RELEASE.jar;C:\Users\剑影随风\.m2\repository\org\springframework\spring-tx\4.2.4.RELEASE\spring-tx-4.2.4.RELEASE.jar;C:\Users\剑影随风\.m2\repository\org\springframework\spring-aspects\4.2.4.RELEASE\spring-aspects-4.2.4.RELEASE.jar;C:\Users\剑影随风\.m2\repository\org\aspectj\aspectjweaver\1.8.7\aspectjweaver-1.8.7.jar;C:\Users\剑影随风\.m2\repository\org\springframework\spring-jms\4.2.4.RELEASE\spring-jms-4.2.4.RELEASE.jar;C:\Users\剑影随风\.m2\repository\org\springframework\spring-messaging\4.2.4.RELEASE\spring-messaging-4.2.4.RELEASE.jar;C:\Users\剑影随风\.m2\repository\org\springframework\spring-context-support\4.2.4.RELEASE\spring-context-support-4.2.4.RELEASE.jar;C:\Users\剑影随风\.m2\repository\com\alibaba\dubbo\2.5.3\dubbo-2.5.3.jar;C:\Users\剑影随风\.m2\repository\org\javassist\javassist\3.15.0-GA\javassist-3.15.0-GA.jar;C:\Users\剑影随风\.m2\repository\org\apache\zookeeper\zookeeper\3.4.7\zookeeper-3.4.7.jar;C:\Users\剑影随风\.m2\repository\org\slf4j\slf4j-log4j12\1.6.4\slf4j-log4j12-1.6.4.jar;C:\Users\剑影随风\.m2\repository\log4j\log4j\1.2.16\log4j-1.2.16.jar;C:\Users\剑影随风\.m2\repository\jline\jline\0.9.94\jline-0.9.94.jar;C:\Users\剑影随风\.m2\repository\io\netty\netty\3.7.0.Final\netty-3.7.0.Final.jar;C:\Users\剑影随风\.m2\repository\com\github\sgroschupf\zkclient\0.1\zkclient-0.1.jar;F:\Java-ee\taotao2017\taotao-common\target\classes;C:\Users\剑影随风\.m2\repository\joda-time\joda-time\2.5\joda-time-2.5.jar;C:\Users\剑影随风\.m2\repository\org\apache\commons\commons-lang3\3.3.2\commons-lang3-3.3.2.jar;C:\Users\剑影随风\.m2\repository\commons-net\commons-net\3.3\commons-net-3.3.jar;C:\Users\剑影随风\.m2\repository\com\fasterxml\jackson\core\jackson-databind\2.4.2\jackson-databind-2.4.2.jar;C:\Users\剑影随风\.m2\repository\com\fasterxml\jackson\core\jackson-annotations\2.4.0\jackson-annotations-2.4.0.jar;C:\Users\剑影随风\.m2\repository\com\fasterxml\jackson\core\jackson-core\2.4.2\jackson-core-2.4.2.jar;C:\Users\剑影随风\.m2\repository\org\quartz-scheduler\quartz\2.2.2\quartz-2.2.2.jar;C:\Users\剑影随风\.m2\repository\c3p0\c3p0\0.9.1.1\c3p0-0.9.1.1.jar;/E:/软件/编程/eclipse/eclipse/configuration/org.eclipse.osgi/383/0/.cp/;/E:/软件/编程/eclipse/eclipse/configuration/org.eclipse.osgi/382/0/.cp/


[INFO ] 2017-12-14 09:56:33,919 method:org.apache.zookeeper.Environment.logEnv(Environment.java:100)
Client environment:java.library.path=D:\JDK1.8\Java\bin;C:\WINDOWS\Sun\Java\bin;C:\WINDOWS\system32;C:\WINDOWS;D:/JDK1.8/Java/bin/../jre/bin/server;D:/JDK1.8/Java/bin/../jre/bin;D:/JDK1.8/Java/bin/../jre/lib/amd64;D:\linuxContent\;%JAVA_HOME%\bin;D:\JDK1.8\Java\bin;D:\Java\java2\bin;%CATALINA_HOME%\bin;%JRE_HOME%\bin;%MVN_HOME%\bin;D:\apache-maven-3.5.2\bin;C:\ProgramData\Oracle\Java\javapath;C:\WINDOWS\system32;C:\WINDOWS;C:\WINDOWS\System32\Wbem;C:\WINDOWS\System32\WindowsPowerShell\v1.0\;C:\Program Files (x86)\ATI Technologies\ATI.ACE\Core-Static;D:\ultraedit;C:\Users\剑影随风\AppData\Local\Microsoft\WindowsApps;;E:\软件\编程\eclipse\eclipse;;.


[INFO ] 2017-12-14 09:56:33,920 method:org.apache.zookeeper.Environment.logEnv(Environment.java:100)
Client environment:java.io.tmpdir=C:\Users\剑影随风\AppData\Local\Temp\


[INFO ] 2017-12-14 09:56:33,921 method:org.apache.zookeeper.Environment.logEnv(Environment.java:100)
Client environment:java.compiler=<NA>


[INFO ] 2017-12-14 09:56:33,922 method:org.apache.zookeeper.Environment.logEnv(Environment.java:100)
Client environment:os.name=Windows 8.1


[INFO ] 2017-12-14 09:56:33,923 method:org.apache.zookeeper.Environment.logEnv(Environment.java:100)
Client environment:os.arch=amd64


[INFO ] 2017-12-14 09:56:33,924 method:org.apache.zookeeper.Environment.logEnv(Environment.java:100)
Client environment:os.version=6.3


[INFO ] 2017-12-14 09:56:33,925 method:org.apache.zookeeper.Environment.logEnv(Environment.java:100)
Client environment:user.name=剑影随风


[INFO ] 2017-12-14 09:56:33,926 method:org.apache.zookeeper.Environment.logEnv(Environment.java:100)
Client environment:user.home=C:\Users\剑影随风


[INFO ] 2017-12-14 09:56:33,927 method:org.apache.zookeeper.Environment.logEnv(Environment.java:100)
Client environment:user.dir=F:\Java-ee\taotao2017\taotao-search\taotao-search-Service


[INFO ] 2017-12-14 09:56:33,931 method:org.apache.zookeeper.ZooKeeper.<init>(ZooKeeper.java:438)
Initiating client connection, connectString=192.168.25.123:2182,192.168.25.123:2183,192.168.25.123:2184 sessionTimeout=10000 watcher=org.apache.solr.common.cloud.ConnectionManager@7ca48474


[INFO ] 2017-12-14 09:56:34,460 method:org.apache.solr.common.cloud.ConnectionManager.waitForConnected(ConnectionManager.java:207)
Waiting for client to connect to ZooKeeper


[INFO ] 2017-12-14 09:56:34,509 method:org.apache.zookeeper.ClientCnxn$SendThread.logStartConnect(ClientCnxn.java:1032)
Opening socket connection to server 192.168.25.123/192.168.25.123:2182. Will not attempt to authenticate using SASL (unknown error)


[INFO ] 2017-12-14 09:56:34,516 method:org.apache.zookeeper.ClientCnxn$SendThread.primeConnection(ClientCnxn.java:876)
Socket connection established to 192.168.25.123/192.168.25.123:2182, initiating session


[INFO ] 2017-12-14 09:56:35,406 method:org.apache.zookeeper.ClientCnxn$SendThread.onConnected(ClientCnxn.java:1299)
Session establishment complete on server 192.168.25.123/192.168.25.123:2182, sessionid = 0x160529cbed90000, negotiated timeout = 10000


[INFO ] 2017-12-14 09:56:35,415 method:org.apache.solr.common.cloud.ConnectionManager.process(ConnectionManager.java:102)
Watcher org.apache.solr.common.cloud.ConnectionManager@7ca48474 name:ZooKeeperConnection Watcher:192.168.25.123:2182,192.168.25.123:2183,192.168.25.123:2184 got event WatchedEvent state:SyncConnected type:None path:null path:null type:None


[INFO ] 2017-12-14 09:56:35,416 method:org.apache.solr.common.cloud.ConnectionManager.waitForConnected(ConnectionManager.java:225)
Client is connected to ZooKeeper


[INFO ] 2017-12-14 09:56:35,477 method:org.apache.solr.common.cloud.ZkStateReader.createClusterStateWatchersAndUpdate(ZkStateReader.java:280)
Updating cluster state from ZooKeeper... 


[WARN ] 2017-12-14 09:57:38,275 method:org.apache.zookeeper.ClientCnxn$SendThread.run(ClientCnxn.java:1108)
Client session timed out, have not heard from server in 6667ms for sessionid 0x160529cbed90000


[INFO ] 2017-12-14 09:57:38,276 method:org.apache.zookeeper.ClientCnxn$SendThread.run(ClientCnxn.java:1156)
Client session timed out, have not heard from server in 6667ms for sessionid 0x160529cbed90000, closing socket connection and attempting reconnect


[INFO ] 2017-12-14 09:57:38,378 method:org.apache.solr.common.cloud.ConnectionManager.process(ConnectionManager.java:102)
Watcher org.apache.solr.common.cloud.ConnectionManager@7ca48474 name:ZooKeeperConnection Watcher:192.168.25.123:2182,192.168.25.123:2183,192.168.25.123:2184 got event WatchedEvent state:Disconnected type:None path:null path:null type:None


[INFO ] 2017-12-14 09:57:38,379 method:org.apache.solr.common.cloud.ConnectionManager.process(ConnectionManager.java:182)
zkClient has disconnected


[INFO ] 2017-12-14 09:57:38,773 method:org.apache.zookeeper.ClientCnxn$SendThread.logStartConnect(ClientCnxn.java:1032)
Opening socket connection to server 192.168.25.123/192.168.25.123:2184. Will not attempt to authenticate using SASL (unknown error)


[INFO ] 2017-12-14 09:57:38,775 method:org.apache.zookeeper.ClientCnxn$SendThread.primeConnection(ClientCnxn.java:876)
Socket connection established to 192.168.25.123/192.168.25.123:2184, initiating session


[WARN ] 2017-12-14 09:57:42,108 method:org.apache.zookeeper.ClientCnxn$SendThread.run(ClientCnxn.java:1108)
Client session timed out, have not heard from server in 3333ms for sessionid 0x160529cbed90000


[INFO ] 2017-12-14 09:57:42,109 method:org.apache.zookeeper.ClientCnxn$SendThread.run(ClientCnxn.java:1156)
Client session timed out, have not heard from server in 3333ms for sessionid 0x160529cbed90000, closing socket connection and attempting reconnect


[INFO ] 2017-12-14 09:57:42,927 method:org.apache.zookeeper.ClientCnxn$SendThread.logStartConnect(ClientCnxn.java:1032)
Opening socket connection to server 192.168.25.123/192.168.25.123:2183. Will not attempt to authenticate using SASL (unknown error)


[INFO ] 2017-12-14 09:57:42,930 method:org.apache.zookeeper.ClientCnxn$SendThread.primeConnection(ClientCnxn.java:876)
Socket connection established to 192.168.25.123/192.168.25.123:2183, initiating session


[WARN ] 2017-12-14 09:57:46,264 method:org.apache.zookeeper.ClientCnxn$SendThread.run(ClientCnxn.java:1108)
Client session timed out, have not heard from server in 3334ms for sessionid 0x160529cbed90000


[INFO ] 2017-12-14 09:57:46,264 method:org.apache.zookeeper.ClientCnxn$SendThread.run(ClientCnxn.java:1156)
Client session timed out, have not heard from server in 3334ms for sessionid 0x160529cbed90000, closing socket connection and attempting reconnect


[INFO ] 2017-12-14 09:57:47,968 method:org.apache.zookeeper.ClientCnxn$SendThread.logStartConnect(ClientCnxn.java:1032)
Opening socket connection to server 192.168.25.123/192.168.25.123:2182. Will not attempt to authenticate using SASL (unknown error)


[INFO ] 2017-12-14 09:57:47,971 method:org.apache.zookeeper.ClientCnxn$SendThread.primeConnection(ClientCnxn.java:876)
Socket connection established to 192.168.25.123/192.168.25.123:2182, initiating session


[WARN ] 2017-12-14 09:57:51,304 method:org.apache.zookeeper.ClientCnxn$SendThread.run(ClientCnxn.java:1108)
Client session timed out, have not heard from server in 3333ms for sessionid 0x160529cbed90000


[INFO ] 2017-12-14 09:57:51,304 method:org.apache.zookeeper.ClientCnxn$SendThread.run(ClientCnxn.java:1156)
Client session timed out, have not heard from server in 3333ms for sessionid 0x160529cbed90000, closing socket connection and attempting reconnect


[INFO ] 2017-12-14 09:57:51,508 method:org.apache.zookeeper.ClientCnxn$SendThread.logStartConnect(ClientCnxn.java:1032)
Opening socket connection to server 192.168.25.123/192.168.25.123:2184. Will not attempt to authenticate using SASL (unknown error)


[INFO ] 2017-12-14 09:57:51,511 method:org.apache.zookeeper.ClientCnxn$SendThread.primeConnection(ClientCnxn.java:876)
Socket connection established to 192.168.25.123/192.168.25.123:2184, initiating session


[WARN ] 2017-12-14 09:57:52,765 method:org.apache.zookeeper.ClientCnxn$SendThread.onConnected(ClientCnxn.java:1285)
Unable to reconnect to ZooKeeper service, session 0x160529cbed90000 has expired


[INFO ] 2017-12-14 09:57:52,765 method:org.apache.solr.common.cloud.ConnectionManager.process(ConnectionManager.java:102)
Watcher org.apache.solr.common.cloud.ConnectionManager@7ca48474 name:ZooKeeperConnection Watcher:192.168.25.123:2182,192.168.25.123:2183,192.168.25.123:2184 got event WatchedEvent state:Expired type:None path:null path:null type:None


[INFO ] 2017-12-14 09:57:52,766 method:org.apache.zookeeper.ClientCnxn$SendThread.run(ClientCnxn.java:1154)
Unable to reconnect to ZooKeeper service, session 0x160529cbed90000 has expired, closing socket connection


[INFO ] 2017-12-14 09:57:52,767 method:org.apache.solr.common.cloud.ConnectionManager.process(ConnectionManager.java:121)
Our previous ZooKeeper session was expired. Attempting to reconnect to recover relationship with ZooKeeper...


[INFO ] 2017-12-14 09:57:52,770 method:org.apache.solr.common.cloud.DefaultConnectionStrategy.reconnect(DefaultConnectionStrategy.java:52)
Connection expired - starting a new one...


[INFO ] 2017-12-14 09:57:52,771 method:org.apache.zookeeper.ZooKeeper.<init>(ZooKeeper.java:438)
Initiating client connection, connectString=192.168.25.123:2182,192.168.25.123:2183,192.168.25.123:2184 sessionTimeout=10000 watcher=org.apache.solr.common.cloud.ConnectionManager@7ca48474


[INFO ] 2017-12-14 09:57:52,775 method:org.apache.solr.common.cloud.ConnectionManager.waitForConnected(ConnectionManager.java:207)
Waiting for client to connect to ZooKeeper


[INFO ] 2017-12-14 09:57:52,777 method:org.apache.zookeeper.ClientCnxn$SendThread.logStartConnect(ClientCnxn.java:1032)
Opening socket connection to server 192.168.25.123/192.168.25.123:2183. Will not attempt to authenticate using SASL (unknown error)


[INFO ] 2017-12-14 09:57:52,781 method:org.apache.zookeeper.ClientCnxn$SendThread.primeConnection(ClientCnxn.java:876)
Socket connection established to 192.168.25.123/192.168.25.123:2183, initiating session


[INFO ] 2017-12-14 09:57:55,053 method:org.apache.zookeeper.ClientCnxn$SendThread.onConnected(ClientCnxn.java:1299)
Session establishment complete on server 192.168.25.123/192.168.25.123:2183, sessionid = 0x260529cd3d60004, negotiated timeout = 10000


[INFO ] 2017-12-14 09:57:55,056 method:org.apache.solr.common.cloud.ConnectionManager.process(ConnectionManager.java:102)
Watcher org.apache.solr.common.cloud.ConnectionManager@7ca48474 name:ZooKeeperConnection Watcher:192.168.25.123:2182,192.168.25.123:2183,192.168.25.123:2184 got event WatchedEvent state:SyncConnected type:None path:null path:null type:None


[INFO ] 2017-12-14 09:57:55,056 method:org.apache.solr.common.cloud.ConnectionManager.waitForConnected(ConnectionManager.java:225)
Client is connected to ZooKeeper


[INFO ] 2017-12-14 09:57:55,057 method:org.apache.solr.common.cloud.ConnectionManager$1.update(ConnectionManager.java:144)
Connection with ZooKeeper reestablished.


[INFO ] 2017-12-14 09:57:55,064 method:org.apache.solr.common.cloud.DefaultConnectionStrategy.reconnect(DefaultConnectionStrategy.java:59)
Reconnected to ZooKeeper


[INFO ] 2017-12-14 09:57:55,068 method:org.apache.solr.common.cloud.ConnectionManager.process(ConnectionManager.java:180)
Connected:true


[INFO ] 2017-12-14 09:57:55,114 method:org.apache.zookeeper.ClientCnxn$EventThread.run(ClientCnxn.java:519)
EventThread shut down for session: 0x160529cbed90000


[INFO ] 2017-12-14 09:57:55,396 method:org.apache.solr.common.cloud.ZkStateReader.createClusterStateWatchersAndUpdate(ZkStateReader.java:280)
Updating cluster state from ZooKeeper... 


[INFO ] 2017-12-14 09:57:58,616 method:org.apache.solr.common.cloud.ZkStateReader$2.process(ZkStateReader.java:291)
A cluster state change: WatchedEvent state:SyncConnected type:NodeDataChanged path:/clusterstate.json, has occurred - updating... (live nodes size: 3)


[INFO ] 2017-12-14 09:58:51,328 method:org.apache.solr.common.cloud.ZkStateReader$2.process(ZkStateReader.java:291)
A cluster state change: WatchedEvent state:SyncConnected type:NodeDataChanged path:/clusterstate.json, has occurred - updating... (live nodes size: 3)


[INFO ] 2017-12-14 09:59:07,588 method:org.apache.solr.common.cloud.ZkStateReader$2.process(ZkStateReader.java:291)
A cluster state change: WatchedEvent state:SyncConnected type:NodeDataChanged path:/clusterstate.json, has occurred - updating... (live nodes size: 4)


[INFO ] 2017-12-14 10:03:49,638 method:org.apache.zookeeper.Environment.logEnv(Environment.java:100)
Client environment:zookeeper.version=3.4.7-1713338, built on 11/09/2015 04:32 GMT


[INFO ] 2017-12-14 10:03:49,649 method:org.apache.zookeeper.Environment.logEnv(Environment.java:100)
Client environment:host.name=JYSF


[INFO ] 2017-12-14 10:03:49,650 method:org.apache.zookeeper.Environment.logEnv(Environment.java:100)
Client environment:java.version=1.8.0_31


[INFO ] 2017-12-14 10:03:49,651 method:org.apache.zookeeper.Environment.logEnv(Environment.java:100)
Client environment:java.vendor=Oracle Corporation


[INFO ] 2017-12-14 10:03:49,652 method:org.apache.zookeeper.Environment.logEnv(Environment.java:100)
Client environment:java.home=D:\JDK1.8\Java\jre


[INFO ] 2017-12-14 10:03:49,654 method:org.apache.zookeeper.Environment.logEnv(Environment.java:100)
Client environment:java.class.path=F:\Java-ee\taotao2017\taotao-search\taotao-search-Service\target\test-classes;F:\Java-ee\taotao2017\taotao-search\taotao-search-Service\target\classes;C:\Users\剑影随风\.m2\repository\org\apache\solr\solr-solrj\4.10.3\solr-solrj-4.10.3.jar;C:\Users\剑影随风\.m2\repository\commons-io\commons-io\2.3\commons-io-2.3.jar;C:\Users\剑影随风\.m2\repository\org\apache\httpcomponents\httpclient\4.3.5\httpclient-4.3.5.jar;C:\Users\剑影随风\.m2\repository\org\apache\httpcomponents\httpcore\4.3\httpcore-4.3.jar;C:\Users\剑影随风\.m2\repository\org\apache\httpcomponents\httpmime\4.3.1\httpmime-4.3.1.jar;C:\Users\剑影随风\.m2\repository\org\codehaus\woodstox\wstx-asl\3.2.7\wstx-asl-3.2.7.jar;C:\Users\剑影随风\.m2\repository\org\noggit\noggit\0.5\noggit-0.5.jar;C:\Users\剑影随风\.m2\repository\org\slf4j\slf4j-api\1.7.6\slf4j-api-1.7.6.jar;C:\Users\剑影随风\.m2\repository\junit\junit\4.12\junit-4.12.jar;C:\Users\剑影随风\.m2\repository\org\hamcrest\hamcrest-core\1.3\hamcrest-core-1.3.jar;F:\Java-ee\taotao2017\taotao-manager\taotao-manager-dao\target\classes;F:\Java-ee\taotao2017\taotao-manager\taotao-manager-pojo\target\classes;C:\Users\剑影随风\.m2\repository\org\mybatis\mybatis\3.2.8\mybatis-3.2.8.jar;C:\Users\剑影随风\.m2\repository\org\mybatis\mybatis-spring\1.2.2\mybatis-spring-1.2.2.jar;C:\Users\剑影随风\.m2\repository\com\github\miemiedev\mybatis-paginator\1.2.15\mybatis-paginator-1.2.15.jar;C:\Users\剑影随风\.m2\repository\com\github\pagehelper\pagehelper\5.0.0\pagehelper-5.0.0.jar;C:\Users\剑影随风\.m2\repository\com\github\jsqlparser\jsqlparser\0.9.5\jsqlparser-0.9.5.jar;C:\Users\剑影随风\.m2\repository\mysql\mysql-connector-java\5.1.32\mysql-connector-java-5.1.32.jar;C:\Users\剑影随风\.m2\repository\com\alibaba\druid\1.0.9\druid-1.0.9.jar;D:\JDK1.8\Java\lib\jconsole.jar;D:\JDK1.8\Java\lib\tools.jar;F:\Java-ee\taotao2017\taotao-search\taotao-search-interface\target\classes;C:\Users\剑影随风\.m2\repository\org\springframework\spring-context\4.2.4.RELEASE\spring-context-4.2.4.RELEASE.jar;C:\Users\剑影随风\.m2\repository\org\springframework\spring-aop\4.2.4.RELEASE\spring-aop-4.2.4.RELEASE.jar;C:\Users\剑影随风\.m2\repository\aopalliance\aopalliance\1.0\aopalliance-1.0.jar;C:\Users\剑影随风\.m2\repository\org\springframework\spring-core\4.2.4.RELEASE\spring-core-4.2.4.RELEASE.jar;C:\Users\剑影随风\.m2\repository\commons-logging\commons-logging\1.2\commons-logging-1.2.jar;C:\Users\剑影随风\.m2\repository\org\springframework\spring-expression\4.2.4.RELEASE\spring-expression-4.2.4.RELEASE.jar;C:\Users\剑影随风\.m2\repository\org\springframework\spring-beans\4.2.4.RELEASE\spring-beans-4.2.4.RELEASE.jar;C:\Users\剑影随风\.m2\repository\org\springframework\spring-webmvc\4.2.4.RELEASE\spring-webmvc-4.2.4.RELEASE.jar;C:\Users\剑影随风\.m2\repository\org\springframework\spring-web\4.2.4.RELEASE\spring-web-4.2.4.RELEASE.jar;C:\Users\剑影随风\.m2\repository\org\springframework\spring-jdbc\4.2.4.RELEASE\spring-jdbc-4.2.4.RELEASE.jar;C:\Users\剑影随风\.m2\repository\org\springframework\spring-tx\4.2.4.RELEASE\spring-tx-4.2.4.RELEASE.jar;C:\Users\剑影随风\.m2\repository\org\springframework\spring-aspects\4.2.4.RELEASE\spring-aspects-4.2.4.RELEASE.jar;C:\Users\剑影随风\.m2\repository\org\aspectj\aspectjweaver\1.8.7\aspectjweaver-1.8.7.jar;C:\Users\剑影随风\.m2\repository\org\springframework\spring-jms\4.2.4.RELEASE\spring-jms-4.2.4.RELEASE.jar;C:\Users\剑影随风\.m2\repository\org\springframework\spring-messaging\4.2.4.RELEASE\spring-messaging-4.2.4.RELEASE.jar;C:\Users\剑影随风\.m2\repository\org\springframework\spring-context-support\4.2.4.RELEASE\spring-context-support-4.2.4.RELEASE.jar;C:\Users\剑影随风\.m2\repository\com\alibaba\dubbo\2.5.3\dubbo-2.5.3.jar;C:\Users\剑影随风\.m2\repository\org\javassist\javassist\3.15.0-GA\javassist-3.15.0-GA.jar;C:\Users\剑影随风\.m2\repository\org\apache\zookeeper\zookeeper\3.4.7\zookeeper-3.4.7.jar;C:\Users\剑影随风\.m2\repository\org\slf4j\slf4j-log4j12\1.6.4\slf4j-log4j12-1.6.4.jar;C:\Users\剑影随风\.m2\repository\log4j\log4j\1.2.16\log4j-1.2.16.jar;C:\Users\剑影随风\.m2\repository\jline\jline\0.9.94\jline-0.9.94.jar;C:\Users\剑影随风\.m2\repository\io\netty\netty\3.7.0.Final\netty-3.7.0.Final.jar;C:\Users\剑影随风\.m2\repository\com\github\sgroschupf\zkclient\0.1\zkclient-0.1.jar;F:\Java-ee\taotao2017\taotao-common\target\classes;C:\Users\剑影随风\.m2\repository\joda-time\joda-time\2.5\joda-time-2.5.jar;C:\Users\剑影随风\.m2\repository\org\apache\commons\commons-lang3\3.3.2\commons-lang3-3.3.2.jar;C:\Users\剑影随风\.m2\repository\commons-net\commons-net\3.3\commons-net-3.3.jar;C:\Users\剑影随风\.m2\repository\com\fasterxml\jackson\core\jackson-databind\2.4.2\jackson-databind-2.4.2.jar;C:\Users\剑影随风\.m2\repository\com\fasterxml\jackson\core\jackson-annotations\2.4.0\jackson-annotations-2.4.0.jar;C:\Users\剑影随风\.m2\repository\com\fasterxml\jackson\core\jackson-core\2.4.2\jackson-core-2.4.2.jar;C:\Users\剑影随风\.m2\repository\org\quartz-scheduler\quartz\2.2.2\quartz-2.2.2.jar;C:\Users\剑影随风\.m2\repository\c3p0\c3p0\0.9.1.1\c3p0-0.9.1.1.jar;/E:/软件/编程/eclipse/eclipse/configuration/org.eclipse.osgi/383/0/.cp/;/E:/软件/编程/eclipse/eclipse/configuration/org.eclipse.osgi/382/0/.cp/


[INFO ] 2017-12-14 10:03:49,659 method:org.apache.zookeeper.Environment.logEnv(Environment.java:100)
Client environment:java.library.path=D:\JDK1.8\Java\bin;C:\WINDOWS\Sun\Java\bin;C:\WINDOWS\system32;C:\WINDOWS;D:/JDK1.8/Java/bin/../jre/bin/server;D:/JDK1.8/Java/bin/../jre/bin;D:/JDK1.8/Java/bin/../jre/lib/amd64;D:\linuxContent\;%JAVA_HOME%\bin;D:\JDK1.8\Java\bin;D:\Java\java2\bin;%CATALINA_HOME%\bin;%JRE_HOME%\bin;%MVN_HOME%\bin;D:\apache-maven-3.5.2\bin;C:\ProgramData\Oracle\Java\javapath;C:\WINDOWS\system32;C:\WINDOWS;C:\WINDOWS\System32\Wbem;C:\WINDOWS\System32\WindowsPowerShell\v1.0\;C:\Program Files (x86)\ATI Technologies\ATI.ACE\Core-Static;D:\ultraedit;C:\Users\剑影随风\AppData\Local\Microsoft\WindowsApps;;E:\软件\编程\eclipse\eclipse;;.


[INFO ] 2017-12-14 10:03:49,660 method:org.apache.zookeeper.Environment.logEnv(Environment.java:100)
Client environment:java.io.tmpdir=C:\Users\剑影随风\AppData\Local\Temp\


[INFO ] 2017-12-14 10:03:49,664 method:org.apache.zookeeper.Environment.logEnv(Environment.java:100)
Client environment:java.compiler=<NA>


[INFO ] 2017-12-14 10:03:49,664 method:org.apache.zookeeper.Environment.logEnv(Environment.java:100)
Client environment:os.name=Windows 8.1


[INFO ] 2017-12-14 10:03:49,665 method:org.apache.zookeeper.Environment.logEnv(Environment.java:100)
Client environment:os.arch=amd64


[INFO ] 2017-12-14 10:03:49,666 method:org.apache.zookeeper.Environment.logEnv(Environment.java:100)
Client environment:os.version=6.3


[INFO ] 2017-12-14 10:03:49,668 method:org.apache.zookeeper.Environment.logEnv(Environment.java:100)
Client environment:user.name=剑影随风


[INFO ] 2017-12-14 10:03:49,669 method:org.apache.zookeeper.Environment.logEnv(Environment.java:100)
Client environment:user.home=C:\Users\剑影随风


[INFO ] 2017-12-14 10:03:49,670 method:org.apache.zookeeper.Environment.logEnv(Environment.java:100)
Client environment:user.dir=F:\Java-ee\taotao2017\taotao-search\taotao-search-Service


[INFO ] 2017-12-14 10:03:49,676 method:org.apache.zookeeper.ZooKeeper.<init>(ZooKeeper.java:438)
Initiating client connection, connectString=192.168.25.123:2182,192.168.25.123:2183,192.168.25.123:2184 sessionTimeout=10000 watcher=org.apache.solr.common.cloud.ConnectionManager@7ca48474


[INFO ] 2017-12-14 10:03:50,057 method:org.apache.solr.common.cloud.ConnectionManager.waitForConnected(ConnectionManager.java:207)
Waiting for client to connect to ZooKeeper


[INFO ] 2017-12-14 10:03:50,072 method:org.apache.zookeeper.ClientCnxn$SendThread.logStartConnect(ClientCnxn.java:1032)
Opening socket connection to server 192.168.25.123/192.168.25.123:2182. Will not attempt to authenticate using SASL (unknown error)


[INFO ] 2017-12-14 10:03:50,080 method:org.apache.zookeeper.ClientCnxn$SendThread.primeConnection(ClientCnxn.java:876)
Socket connection established to 192.168.25.123/192.168.25.123:2182, initiating session


[INFO ] 2017-12-14 10:03:50,240 method:org.apache.zookeeper.ClientCnxn$SendThread.onConnected(ClientCnxn.java:1299)
Session establishment complete on server 192.168.25.123/192.168.25.123:2182, sessionid = 0x16052be3b430000, negotiated timeout = 10000


[INFO ] 2017-12-14 10:03:50,251 method:org.apache.solr.common.cloud.ConnectionManager.process(ConnectionManager.java:102)
Watcher org.apache.solr.common.cloud.ConnectionManager@7ca48474 name:ZooKeeperConnection Watcher:192.168.25.123:2182,192.168.25.123:2183,192.168.25.123:2184 got event WatchedEvent state:SyncConnected type:None path:null path:null type:None


[INFO ] 2017-12-14 10:03:50,255 method:org.apache.solr.common.cloud.ConnectionManager.waitForConnected(ConnectionManager.java:225)
Client is connected to ZooKeeper


[INFO ] 2017-12-14 10:03:50,358 method:org.apache.solr.common.cloud.ZkStateReader.createClusterStateWatchersAndUpdate(ZkStateReader.java:280)
Updating cluster state from ZooKeeper... 


[INFO ] 2017-12-14 10:04:53,528 method:org.apache.solr.common.cloud.ZkStateReader$2.process(ZkStateReader.java:291)
A cluster state change: WatchedEvent state:SyncConnected type:NodeDataChanged path:/clusterstate.json, has occurred - updating... (live nodes size: 3)


[INFO ] 2017-12-14 10:04:55,860 method:org.apache.solr.common.cloud.ZkStateReader$2.process(ZkStateReader.java:291)
A cluster state change: WatchedEvent state:SyncConnected type:NodeDataChanged path:/clusterstate.json, has occurred - updating... (live nodes size: 3)


[WARN ] 2017-12-14 10:06:32,376 method:org.apache.zookeeper.ClientCnxn$SendThread.run(ClientCnxn.java:1108)
Client session timed out, have not heard from server in 6666ms for sessionid 0x16052be3b430000


[INFO ] 2017-12-14 10:06:32,377 method:org.apache.zookeeper.ClientCnxn$SendThread.run(ClientCnxn.java:1156)
Client session timed out, have not heard from server in 6666ms for sessionid 0x16052be3b430000, closing socket connection and attempting reconnect


[INFO ] 2017-12-14 10:06:32,479 method:org.apache.solr.common.cloud.ConnectionManager.process(ConnectionManager.java:102)
Watcher org.apache.solr.common.cloud.ConnectionManager@7ca48474 name:ZooKeeperConnection Watcher:192.168.25.123:2182,192.168.25.123:2183,192.168.25.123:2184 got event WatchedEvent state:Disconnected type:None path:null path:null type:None


[INFO ] 2017-12-14 10:06:32,480 method:org.apache.solr.common.cloud.ConnectionManager.process(ConnectionManager.java:182)
zkClient has disconnected


[INFO ] 2017-12-14 10:06:33,056 method:org.apache.zookeeper.ClientCnxn$SendThread.logStartConnect(ClientCnxn.java:1032)
Opening socket connection to server 192.168.25.123/192.168.25.123:2183. Will not attempt to authenticate using SASL (unknown error)


[INFO ] 2017-12-14 10:06:33,059 method:org.apache.zookeeper.ClientCnxn$SendThread.primeConnection(ClientCnxn.java:876)
Socket connection established to 192.168.25.123/192.168.25.123:2183, initiating session


[INFO ] 2017-12-14 10:06:34,208 method:org.apache.zookeeper.ClientCnxn$SendThread.onConnected(ClientCnxn.java:1299)
Session establishment complete on server 192.168.25.123/192.168.25.123:2183, sessionid = 0x16052be3b430000, negotiated timeout = 10000


[INFO ] 2017-12-14 10:06:34,210 method:org.apache.solr.common.cloud.ConnectionManager.process(ConnectionManager.java:102)
Watcher org.apache.solr.common.cloud.ConnectionManager@7ca48474 name:ZooKeeperConnection Watcher:192.168.25.123:2182,192.168.25.123:2183,192.168.25.123:2184 got event WatchedEvent state:SyncConnected type:None path:null path:null type:None


[INFO ] 2017-12-14 10:06:51,438 method:org.apache.solr.common.cloud.ZkStateReader$2.process(ZkStateReader.java:291)
A cluster state change: WatchedEvent state:SyncConnected type:NodeDataChanged path:/clusterstate.json, has occurred - updating... (live nodes size: 3)


[INFO ] 2017-12-14 10:23:53,374 method:org.apache.zookeeper.Environment.logEnv(Environment.java:100)
Client environment:zookeeper.version=3.4.7-1713338, built on 11/09/2015 04:32 GMT


[INFO ] 2017-12-14 10:23:53,384 method:org.apache.zookeeper.Environment.logEnv(Environment.java:100)
Client environment:host.name=JYSF


[INFO ] 2017-12-14 10:23:53,385 method:org.apache.zookeeper.Environment.logEnv(Environment.java:100)
Client environment:java.version=1.8.0_31


[INFO ] 2017-12-14 10:23:53,386 method:org.apache.zookeeper.Environment.logEnv(Environment.java:100)
Client environment:java.vendor=Oracle Corporation


[INFO ] 2017-12-14 10:23:53,387 method:org.apache.zookeeper.Environment.logEnv(Environment.java:100)
Client environment:java.home=D:\JDK1.8\Java\jre


[INFO ] 2017-12-14 10:23:53,388 method:org.apache.zookeeper.Environment.logEnv(Environment.java:100)
Client environment:java.class.path=F:\Java-ee\taotao2017\taotao-search\taotao-search-Service\target\test-classes;F:\Java-ee\taotao2017\taotao-search\taotao-search-Service\target\classes;C:\Users\剑影随风\.m2\repository\org\apache\solr\solr-solrj\4.10.3\solr-solrj-4.10.3.jar;C:\Users\剑影随风\.m2\repository\commons-io\commons-io\2.3\commons-io-2.3.jar;C:\Users\剑影随风\.m2\repository\org\apache\httpcomponents\httpclient\4.3.5\httpclient-4.3.5.jar;C:\Users\剑影随风\.m2\repository\org\apache\httpcomponents\httpcore\4.3\httpcore-4.3.jar;C:\Users\剑影随风\.m2\repository\org\apache\httpcomponents\httpmime\4.3.1\httpmime-4.3.1.jar;C:\Users\剑影随风\.m2\repository\org\codehaus\woodstox\wstx-asl\3.2.7\wstx-asl-3.2.7.jar;C:\Users\剑影随风\.m2\repository\org\noggit\noggit\0.5\noggit-0.5.jar;C:\Users\剑影随风\.m2\repository\org\slf4j\slf4j-api\1.7.6\slf4j-api-1.7.6.jar;C:\Users\剑影随风\.m2\repository\junit\junit\4.12\junit-4.12.jar;C:\Users\剑影随风\.m2\repository\org\hamcrest\hamcrest-core\1.3\hamcrest-core-1.3.jar;F:\Java-ee\taotao2017\taotao-manager\taotao-manager-dao\target\classes;F:\Java-ee\taotao2017\taotao-manager\taotao-manager-pojo\target\classes;C:\Users\剑影随风\.m2\repository\org\mybatis\mybatis\3.2.8\mybatis-3.2.8.jar;C:\Users\剑影随风\.m2\repository\org\mybatis\mybatis-spring\1.2.2\mybatis-spring-1.2.2.jar;C:\Users\剑影随风\.m2\repository\com\github\miemiedev\mybatis-paginator\1.2.15\mybatis-paginator-1.2.15.jar;C:\Users\剑影随风\.m2\repository\com\github\pagehelper\pagehelper\5.0.0\pagehelper-5.0.0.jar;C:\Users\剑影随风\.m2\repository\com\github\jsqlparser\jsqlparser\0.9.5\jsqlparser-0.9.5.jar;C:\Users\剑影随风\.m2\repository\mysql\mysql-connector-java\5.1.32\mysql-connector-java-5.1.32.jar;C:\Users\剑影随风\.m2\repository\com\alibaba\druid\1.0.9\druid-1.0.9.jar;D:\JDK1.8\Java\lib\jconsole.jar;D:\JDK1.8\Java\lib\tools.jar;F:\Java-ee\taotao2017\taotao-search\taotao-search-interface\target\classes;C:\Users\剑影随风\.m2\repository\org\springframework\spring-context\4.2.4.RELEASE\spring-context-4.2.4.RELEASE.jar;C:\Users\剑影随风\.m2\repository\org\springframework\spring-aop\4.2.4.RELEASE\spring-aop-4.2.4.RELEASE.jar;C:\Users\剑影随风\.m2\repository\aopalliance\aopalliance\1.0\aopalliance-1.0.jar;C:\Users\剑影随风\.m2\repository\org\springframework\spring-core\4.2.4.RELEASE\spring-core-4.2.4.RELEASE.jar;C:\Users\剑影随风\.m2\repository\commons-logging\commons-logging\1.2\commons-logging-1.2.jar;C:\Users\剑影随风\.m2\repository\org\springframework\spring-expression\4.2.4.RELEASE\spring-expression-4.2.4.RELEASE.jar;C:\Users\剑影随风\.m2\repository\org\springframework\spring-beans\4.2.4.RELEASE\spring-beans-4.2.4.RELEASE.jar;C:\Users\剑影随风\.m2\repository\org\springframework\spring-webmvc\4.2.4.RELEASE\spring-webmvc-4.2.4.RELEASE.jar;C:\Users\剑影随风\.m2\repository\org\springframework\spring-web\4.2.4.RELEASE\spring-web-4.2.4.RELEASE.jar;C:\Users\剑影随风\.m2\repository\org\springframework\spring-jdbc\4.2.4.RELEASE\spring-jdbc-4.2.4.RELEASE.jar;C:\Users\剑影随风\.m2\repository\org\springframework\spring-tx\4.2.4.RELEASE\spring-tx-4.2.4.RELEASE.jar;C:\Users\剑影随风\.m2\repository\org\springframework\spring-aspects\4.2.4.RELEASE\spring-aspects-4.2.4.RELEASE.jar;C:\Users\剑影随风\.m2\repository\org\aspectj\aspectjweaver\1.8.7\aspectjweaver-1.8.7.jar;C:\Users\剑影随风\.m2\repository\org\springframework\spring-jms\4.2.4.RELEASE\spring-jms-4.2.4.RELEASE.jar;C:\Users\剑影随风\.m2\repository\org\springframework\spring-messaging\4.2.4.RELEASE\spring-messaging-4.2.4.RELEASE.jar;C:\Users\剑影随风\.m2\repository\org\springframework\spring-context-support\4.2.4.RELEASE\spring-context-support-4.2.4.RELEASE.jar;C:\Users\剑影随风\.m2\repository\com\alibaba\dubbo\2.5.3\dubbo-2.5.3.jar;C:\Users\剑影随风\.m2\repository\org\javassist\javassist\3.15.0-GA\javassist-3.15.0-GA.jar;C:\Users\剑影随风\.m2\repository\org\apache\zookeeper\zookeeper\3.4.7\zookeeper-3.4.7.jar;C:\Users\剑影随风\.m2\repository\org\slf4j\slf4j-log4j12\1.6.4\slf4j-log4j12-1.6.4.jar;C:\Users\剑影随风\.m2\repository\log4j\log4j\1.2.16\log4j-1.2.16.jar;C:\Users\剑影随风\.m2\repository\jline\jline\0.9.94\jline-0.9.94.jar;C:\Users\剑影随风\.m2\repository\io\netty\netty\3.7.0.Final\netty-3.7.0.Final.jar;C:\Users\剑影随风\.m2\repository\com\github\sgroschupf\zkclient\0.1\zkclient-0.1.jar;F:\Java-ee\taotao2017\taotao-common\target\classes;C:\Users\剑影随风\.m2\repository\joda-time\joda-time\2.5\joda-time-2.5.jar;C:\Users\剑影随风\.m2\repository\org\apache\commons\commons-lang3\3.3.2\commons-lang3-3.3.2.jar;C:\Users\剑影随风\.m2\repository\commons-net\commons-net\3.3\commons-net-3.3.jar;C:\Users\剑影随风\.m2\repository\com\fasterxml\jackson\core\jackson-databind\2.4.2\jackson-databind-2.4.2.jar;C:\Users\剑影随风\.m2\repository\com\fasterxml\jackson\core\jackson-annotations\2.4.0\jackson-annotations-2.4.0.jar;C:\Users\剑影随风\.m2\repository\com\fasterxml\jackson\core\jackson-core\2.4.2\jackson-core-2.4.2.jar;C:\Users\剑影随风\.m2\repository\org\quartz-scheduler\quartz\2.2.2\quartz-2.2.2.jar;C:\Users\剑影随风\.m2\repository\c3p0\c3p0\0.9.1.1\c3p0-0.9.1.1.jar;/E:/软件/编程/eclipse/eclipse/configuration/org.eclipse.osgi/383/0/.cp/;/E:/软件/编程/eclipse/eclipse/configuration/org.eclipse.osgi/382/0/.cp/


[INFO ] 2017-12-14 10:23:53,393 method:org.apache.zookeeper.Environment.logEnv(Environment.java:100)
Client environment:java.library.path=D:\JDK1.8\Java\bin;C:\WINDOWS\Sun\Java\bin;C:\WINDOWS\system32;C:\WINDOWS;D:/JDK1.8/Java/bin/../jre/bin/server;D:/JDK1.8/Java/bin/../jre/bin;D:/JDK1.8/Java/bin/../jre/lib/amd64;D:\linuxContent\;%JAVA_HOME%\bin;D:\JDK1.8\Java\bin;D:\Java\java2\bin;%CATALINA_HOME%\bin;%JRE_HOME%\bin;%MVN_HOME%\bin;D:\apache-maven-3.5.2\bin;C:\ProgramData\Oracle\Java\javapath;C:\WINDOWS\system32;C:\WINDOWS;C:\WINDOWS\System32\Wbem;C:\WINDOWS\System32\WindowsPowerShell\v1.0\;C:\Program Files (x86)\ATI Technologies\ATI.ACE\Core-Static;D:\ultraedit;C:\Users\剑影随风\AppData\Local\Microsoft\WindowsApps;;E:\软件\编程\eclipse\eclipse;;.


[INFO ] 2017-12-14 10:23:53,394 method:org.apache.zookeeper.Environment.logEnv(Environment.java:100)
Client environment:java.io.tmpdir=C:\Users\剑影随风\AppData\Local\Temp\


[INFO ] 2017-12-14 10:23:53,397 method:org.apache.zookeeper.Environment.logEnv(Environment.java:100)
Client environment:java.compiler=<NA>


[INFO ] 2017-12-14 10:23:53,397 method:org.apache.zookeeper.Environment.logEnv(Environment.java:100)
Client environment:os.name=Windows 8.1


[INFO ] 2017-12-14 10:23:53,399 method:org.apache.zookeeper.Environment.logEnv(Environment.java:100)
Client environment:os.arch=amd64


[INFO ] 2017-12-14 10:23:53,400 method:org.apache.zookeeper.Environment.logEnv(Environment.java:100)
Client environment:os.version=6.3


[INFO ] 2017-12-14 10:23:53,402 method:org.apache.zookeeper.Environment.logEnv(Environment.java:100)
Client environment:user.name=剑影随风


[INFO ] 2017-12-14 10:23:53,404 method:org.apache.zookeeper.Environment.logEnv(Environment.java:100)
Client environment:user.home=C:\Users\剑影随风


[INFO ] 2017-12-14 10:23:53,406 method:org.apache.zookeeper.Environment.logEnv(Environment.java:100)
Client environment:user.dir=F:\Java-ee\taotao2017\taotao-search\taotao-search-Service


[INFO ] 2017-12-14 10:23:53,411 method:org.apache.zookeeper.ZooKeeper.<init>(ZooKeeper.java:438)
Initiating client connection, connectString=192.168.25.123:2182,192.168.25.123:2183,192.168.25.123:2184 sessionTimeout=10000 watcher=org.apache.solr.common.cloud.ConnectionManager@153f5a29


[INFO ] 2017-12-14 10:23:53,673 method:org.apache.solr.common.cloud.ConnectionManager.waitForConnected(ConnectionManager.java:207)
Waiting for client to connect to ZooKeeper


[INFO ] 2017-12-14 10:23:53,686 method:org.apache.zookeeper.ClientCnxn$SendThread.logStartConnect(ClientCnxn.java:1032)
Opening socket connection to server 192.168.25.123/192.168.25.123:2184. Will not attempt to authenticate using SASL (unknown error)


[INFO ] 2017-12-14 10:23:53,693 method:org.apache.zookeeper.ClientCnxn$SendThread.primeConnection(ClientCnxn.java:876)
Socket connection established to 192.168.25.123/192.168.25.123:2184, initiating session


[INFO ] 2017-12-14 10:23:53,762 method:org.apache.zookeeper.ClientCnxn$SendThread.onConnected(ClientCnxn.java:1299)
Session establishment complete on server 192.168.25.123/192.168.25.123:2184, sessionid = 0x36052c705d10001, negotiated timeout = 10000


[INFO ] 2017-12-14 10:23:53,770 method:org.apache.solr.common.cloud.ConnectionManager.process(ConnectionManager.java:102)
Watcher org.apache.solr.common.cloud.ConnectionManager@153f5a29 name:ZooKeeperConnection Watcher:192.168.25.123:2182,192.168.25.123:2183,192.168.25.123:2184 got event WatchedEvent state:SyncConnected type:None path:null path:null type:None


[INFO ] 2017-12-14 10:23:53,771 method:org.apache.solr.common.cloud.ConnectionManager.waitForConnected(ConnectionManager.java:225)
Client is connected to ZooKeeper


[INFO ] 2017-12-14 10:23:53,807 method:org.apache.solr.common.cloud.ZkStateReader.createClusterStateWatchersAndUpdate(ZkStateReader.java:280)
Updating cluster state from ZooKeeper... 
